{"numTotalTestSuites":166,"numPassedTestSuites":166,"numFailedTestSuites":0,"numPendingTestSuites":0,"numTotalTests":410,"numPassedTests":410,"numFailedTests":0,"numPendingTests":0,"numTodoTests":0,"snapshot":{"added":0,"failure":false,"filesAdded":0,"filesRemoved":0,"filesRemovedList":[],"filesUnmatched":0,"filesUpdated":0,"matched":0,"total":0,"unchecked":0,"uncheckedKeysByFile":[],"unmatched":0,"updated":0,"didUpdate":false},"startTime":1788621218453,"success":true,"testResults":[{"assertionResults":[{"ancestorTitles":["root height chain"],"fullName":"root height chain uses percentage heights, not viewport units","status":"passed","title":"uses percentage heights, not viewport units","duration":2.22139999999996,"failureMessages":[],"meta":{},"tags":[]}],"startTime":1788621221821,"endTime":1788621221823.2214,"status":"passed","message":"","name":"C:/Users/doddg/Documents/repos/foleyard-v2/src/app/root-height-chain.test.ts"},{"assertionResults":[{"ancestorTitles":["theme token law"],"fullName":"theme token law defines the ratified accent and canvas tokens in the theme layer","status":"passed","title":"defines the ratified accent and canvas tokens in the theme layer","duration":3.332400000000007,"failureMessages":[],"meta":{},"tags":[]},{"ancestorTitles":["theme token law"],"fullName":"theme token law registers the accent tokens as Tailwind color utilities","status":"passed","title":"registers the accent tokens as Tailwind color utilities","duration":0.6009999999999991,"failureMessages":[],"meta":{},"tags":[]},{"ancestorTitles":["theme token law"],"fullName":"theme token law keeps hard-coded accent hex values out of the ported app surface","status":"passed","title":"keeps hard-coded accent hex values out of the ported app surface","duration":1.033399999999972,"failureMessages":[],"meta":{},"tags":[]},{"ancestorTitles":["theme token law"],"fullName":"theme token law keeps old-skin tokens out of every inventoried surface","status":"passed","title":"keeps old-skin tokens out of every inventoried surface","duration":20.792700000000025,"failureMessages":[],"meta":{},"tags":[]}],"startTime":1788621220747,"endTime":1788621220773.7927,"status":"passed","message":"","name":"C:/Users/doddg/Documents/repos/foleyard-v2/src/app/theme-tokens.test.ts"},{"assertionResults":[{"ancestorTitles":["next-server adapter"],"fullName":"next-server adapter accepts the installed Next.js major version","status":"passed","title":"accepts the installed Next.js major version","duration":8.165500000000009,"failureMessages":[],"meta":{},"tags":[]},{"ancestorTitles":["next-server adapter"],"fullName":"next-server adapter fails loud and localised when the installed Next.js is unsupported","status":"passed","title":"fails loud and localised when the installed Next.js is unsupported","duration":2.5652000000000044,"failureMessages":[],"meta":{},"tags":[]},{"ancestorTitles":["next-server adapter"],"fullName":"next-server adapter fails loud and localised when the Next.js version is unknown","status":"passed","title":"fails loud and localised when the Next.js version is unknown","duration":1.554300000000012,"failureMessages":[],"meta":{},"tags":[]},{"ancestorTitles":["next-server adapter"],"fullName":"next-server adapter fails loud and localised when the private server module moved","status":"passed","title":"fails loud and localised when the private server module moved","duration":1.5172000000000025,"failureMessages":[],"meta":{},"tags":[]},{"ancestorTitles":["next-server adapter"],"fullName":"next-server adapter rejects a moved private module from startProductionServer with a loud error","status":"passed","title":"rejects a moved private module from startProductionServer with a loud error","duration":2.8063999999999965,"failureMessages":[],"meta":{},"tags":[]},{"ancestorTitles":["next-server adapter"],"fullName":"next-server adapter allocates a usable loopback port and validates startup","status":"passed","title":"allocates a usable loopback port and validates startup","duration":28.560000000000002,"failureMessages":[],"meta":{},"tags":[]},{"ancestorTitles":["main-process error reporting"],"fullName":"main-process error reporting logs every error but shows at most one dialog per session","status":"passed","title":"logs every error but shows at most one dialog per session","duration":10.69240000000002,"failureMessages":[],"meta":{},"tags":[]},{"ancestorTitles":["main-process error reporting"],"fullName":"main-process error reporting forwards errors to the renderer window when present","status":"passed","title":"forwards errors to the renderer window when present","duration":7.595100000000002,"failureMessages":[],"meta":{},"tags":[]},{"ancestorTitles":["main-process error reporting"],"fullName":"main-process error reporting terminates the process for fatal errors but keeps running otherwise","status":"passed","title":"terminates the process for fatal errors but keeps running otherwise","duration":6.0260000000000105,"failureMessages":[],"meta":{},"tags":[]},{"ancestorTitles":["main-process error reporting"],"fullName":"main-process error reporting still shows the dialog for fatal startup failures","status":"passed","title":"still shows the dialog for fatal startup failures","duration":2.8922000000000025,"failureMessages":[],"meta":{},"tags":[]},{"ancestorTitles":["simulate-update gating"],"fullName":"simulate-update gating does not register the fake-update endpoint in the packaged app","status":"passed","title":"does not register the fake-update endpoint in the packaged app","duration":8.54079999999999,"failureMessages":[],"meta":{},"tags":[]},{"ancestorTitles":["simulate-update gating"],"fullName":"simulate-update gating keeps the fake-update endpoint usable in development","status":"passed","title":"keeps the fake-update endpoint usable in development","duration":2.8804999999999836,"failureMessages":[],"meta":{},"tags":[]},{"ancestorTitles":["simulate-update gating"],"fullName":"simulate-update gating never emits fake update events in the packaged app, even when called directly","status":"passed","title":"never emits fake update events in the packaged app, even when called directly","duration":1.57710000000003,"failureMessages":[],"meta":{},"tags":[]}],"startTime":1788621219061,"endTime":1788621219146.5771,"status":"passed","message":"","name":"C:/Users/doddg/Documents/repos/foleyard-v2/src/lib/desktop-main-hardening.test.ts"},{"assertionResults":[{"ancestorTitles":["desktop server URL selection"],"fullName":"desktop server URL selection uses the origin of the server that owns the renderer window","status":"passed","title":"uses the origin of the server that owns the renderer window","duration":3.1574999999999704,"failureMessages":[],"meta":{},"tags":[]},{"ancestorTitles":["desktop build metadata policy"],"fullName":"desktop build metadata policy build:desktop does not enable disposable-build metadata","status":"passed","title":"build:desktop does not enable disposable-build metadata","duration":0.5960000000000036,"failureMessages":[],"meta":{},"tags":[]},{"ancestorTitles":["desktop build metadata policy"],"fullName":"desktop build metadata policy release does not enable disposable-build metadata","status":"passed","title":"release does not enable disposable-build metadata","duration":0.27769999999998163,"failureMessages":[],"meta":{},"tags":[]},{"ancestorTitles":["desktop build metadata policy"],"fullName":"desktop build metadata policy release:build does not enable disposable-build metadata","status":"passed","title":"release:build does not enable disposable-build metadata","duration":0.30700000000001637,"failureMessages":[],"meta":{},"tags":[]},{"ancestorTitles":["desktop build metadata policy"],"fullName":"desktop build metadata policy keeps disposable data and DevTools behind an explicit command","status":"passed","title":"keeps disposable data and DevTools behind an explicit command","duration":0.34149999999999636,"failureMessages":[],"meta":{},"tags":[]},{"ancestorTitles":["desktop chosen-folder grants"],"fullName":"desktop chosen-folder grants allows a chosen folder and its descendants, but not sibling paths","status":"passed","title":"allows a chosen folder and its descendants, but not sibling paths","duration":10.832799999999963,"failureMessages":[],"meta":{},"tags":[]}],"startTime":1788621220677,"endTime":1788621220692.8328,"status":"passed","message":"","name":"C:/Users/doddg/Documents/repos/foleyard-v2/src/lib/desktop-runtime-policy.test.ts"},{"assertionResults":[{"ancestorTitles":["desktop bridge snapshots"],"fullName":"desktop bridge snapshots renders the non-desktop layout on the server","status":"passed","title":"renders the non-desktop layout on the server","duration":3.67349999999999,"failureMessages":[],"meta":{},"tags":[]},{"ancestorTitles":["desktop bridge snapshots"],"fullName":"desktop bridge snapshots server and first client render agree in the desktop app","status":"passed","title":"server and first client render agree in the desktop app","duration":9.202200000000062,"failureMessages":[],"meta":{},"tags":[]},{"ancestorTitles":["desktop bridge snapshots"],"fullName":"desktop bridge snapshots reads no bridge outside the desktop app","status":"passed","title":"reads no bridge outside the desktop app","duration":0.2604000000000042,"failureMessages":[],"meta":{},"tags":[]},{"ancestorTitles":["desktop bridge snapshots"],"fullName":"desktop bridge snapshots notifies subscribers when the bridge is injected late","status":"passed","title":"notifies subscribers when the bridge is injected late","duration":0.8301000000000158,"failureMessages":[],"meta":{},"tags":[]}],"startTime":1788621221108,"endTime":1788621221121.83,"status":"passed","message":"","name":"C:/Users/doddg/Documents/repos/foleyard-v2/src/lib/desktop.test.ts"},{"assertionResults":[{"ancestorTitles":["basename"],"fullName":"basename reads the last segment across separators","status":"passed","title":"reads the last segment across separators","duration":2.4599000000000046,"failureMessages":[],"meta":{},"tags":[]},{"ancestorTitles":["navigateToRoot"],"fullName":"navigateToRoot builds the library-root descriptor preserving the current entry","status":"passed","title":"builds the library-root descriptor preserving the current entry","duration":0.9254000000000246,"failureMessages":[],"meta":{},"tags":[]},{"ancestorTitles":["navigateToSegment"],"fullName":"navigateToSegment builds the descriptor for one breadcrumb segment","status":"passed","title":"builds the descriptor for one breadcrumb segment","duration":0.38170000000002346,"failureMessages":[],"meta":{},"tags":[]},{"ancestorTitles":["navigateToParent"],"fullName":"navigateToParent returns null from a root entry so the table navigates to the library","status":"passed","title":"returns null from a root entry so the table navigates to the library","duration":0.33490000000000464,"failureMessages":[],"meta":{},"tags":[]},{"ancestorTitles":["navigateToParent"],"fullName":"navigateToParent climbs one segment from a nested entry","status":"passed","title":"climbs one segment from a nested entry","duration":0.30380000000002383,"failureMessages":[],"meta":{},"tags":[]},{"ancestorTitles":["navigateToParent"],"fullName":"navigateToParent lands on the root descriptor from a first-level entry","status":"passed","title":"lands on the root descriptor from a first-level entry","duration":0.25169999999997117,"failureMessages":[],"meta":{},"tags":[]},{"ancestorTitles":["navigateToParent"],"fullName":"navigateToParent returns null from a first-level entry when the root is hidden","status":"passed","title":"returns null from a first-level entry when the root is hidden","duration":0.18789999999995644,"failureMessages":[],"meta":{},"tags":[]},{"ancestorTitles":["getDirectorySubtitle"],"fullName":"getDirectorySubtitle shows the root path for roots and Folder otherwise","status":"passed","title":"shows the root path for roots and Folder otherwise","duration":0.32900000000000773,"failureMessages":[],"meta":{},"tags":[]}],"startTime":1788621221567,"endTime":1788621221573.329,"status":"passed","message":"","name":"C:/Users/doddg/Documents/repos/foleyard-v2/src/lib/directory-navigation.test.ts"},{"assertionResults":[{"ancestorTitles":["executeExtensionCommand"],"fullName":"executeExtensionCommand posts to the generic execute endpoint and returns the value","status":"passed","title":"posts to the generic execute endpoint and returns the value","duration":5.315299999999979,"failureMessages":[],"meta":{},"tags":[]},{"ancestorTitles":["executeExtensionCommand"],"fullName":"executeExtensionCommand throws the host failure message when the outcome is not ok","status":"passed","title":"throws the host failure message when the outcome is not ok","duration":1.991800000000012,"failureMessages":[],"meta":{},"tags":[]},{"ancestorTitles":["executeExtensionCommand"],"fullName":"executeExtensionCommand throws the transport error message for non-envelope failures","status":"passed","title":"throws the transport error message for non-envelope failures","duration":0.5369000000000028,"failureMessages":[],"meta":{},"tags":[]}],"startTime":1788621220978,"endTime":1788621220986.5369,"status":"passed","message":"","name":"C:/Users/doddg/Documents/repos/foleyard-v2/src/lib/extension-client.test.ts"},{"assertionResults":[{"ancestorTitles":["resolveExistingPathWithinRoots"],"fullName":"resolveExistingPathWithinRoots returns the canonical path for a file inside a root","status":"passed","title":"returns the canonical path for a file inside a root","duration":13.862900000000025,"failureMessages":[],"meta":{},"tags":[]},{"ancestorTitles":["resolveExistingPathWithinRoots"],"fullName":"resolveExistingPathWithinRoots rejects traversal outside a root","status":"passed","title":"rejects traversal outside a root","duration":8.17900000000003,"failureMessages":[],"meta":{},"tags":[]},{"ancestorTitles":["resolveExistingPathWithinRoots"],"fullName":"resolveExistingPathWithinRoots rejects a canonical path that escapes through a directory link","status":"passed","title":"rejects a canonical path that escapes through a directory link","duration":6.079400000000021,"failureMessages":[],"meta":{},"tags":[]}],"startTime":1788621220557,"endTime":1788621220585.0793,"status":"passed","message":"","name":"C:/Users/doddg/Documents/repos/foleyard-v2/src/lib/filesystem-boundary.test.ts"},{"assertionResults":[{"ancestorTitles":["item colors"],"fullName":"item colors accepts only #rrggbb hex strings","status":"passed","title":"accepts only #rrggbb hex strings","duration":4.049599999999998,"failureMessages":[],"meta":{},"tags":[]},{"ancestorTitles":["item colors"],"fullName":"item colors assigns deterministic fallback colors from the preset palette","status":"passed","title":"assigns deterministic fallback colors from the preset palette","duration":1.4601000000000113,"failureMessages":[],"meta":{},"tags":[]},{"ancestorTitles":["item colors"],"fullName":"item colors keeps stored colors and falls back for the rest","status":"passed","title":"keeps stored colors and falls back for the rest","duration":0.436999999999955,"failureMessages":[],"meta":{},"tags":[]}],"startTime":1788621221598,"endTime":1788621221604.4602,"status":"passed","message":"","name":"C:/Users/doddg/Documents/repos/foleyard-v2/src/lib/item-colors.test.ts"},{"assertionResults":[{"ancestorTitles":["native binary integrity"],"fullName":"native binary integrity rejects a checksum mismatch","status":"passed","title":"rejects a checksum mismatch","duration":4.556499999999971,"failureMessages":[],"meta":{},"tags":[]},{"ancestorTitles":["native binary integrity"],"fullName":"native binary integrity accepts the published checksum","status":"passed","title":"accepts the published checksum","duration":0.7869999999999777,"failureMessages":[],"meta":{},"tags":[]},{"ancestorTitles":["native binary integrity"],"fullName":"native binary integrity rejects missing digests","status":"passed","title":"rejects missing digests","duration":0.4486999999999739,"failureMessages":[],"meta":{},"tags":[]},{"ancestorTitles":["native binary integrity"],"fullName":"native binary integrity refuses plain HTTP before sending a request","status":"passed","title":"refuses plain HTTP before sending a request","duration":2.8548000000000116,"failureMessages":[],"meta":{},"tags":[]},{"ancestorTitles":["native binary integrity"],"fullName":"native binary integrity refuses an HTTPS redirect to HTTP","status":"passed","title":"refuses an HTTPS redirect to HTTP","duration":1.102800000000002,"failureMessages":[],"meta":{},"tags":[]}],"startTime":1788621221050,"endTime":1788621221059.1028,"status":"passed","message":"","name":"C:/Users/doddg/Documents/repos/foleyard-v2/src/lib/postinstall.test.ts"},{"assertionResults":[{"ancestorTitles":["withGenerationSlot"],"fullName":"withGenerationSlot caps concurrency at two and drains every waiter","status":"passed","title":"caps concurrency at two and drains every waiter","duration":94.05649999999991,"failureMessages":[],"meta":{},"tags":[]},{"ancestorTitles":["withGenerationSlot"],"fullName":"withGenerationSlot releases the slot when work throws","status":"passed","title":"releases the slot when work throws","duration":1.612299999999891,"failureMessages":[],"meta":{},"tags":[]},{"ancestorTitles":["waveform cache ignore rules"],"fullName":"waveform cache ignore rules keeps the on-disk cache directory out of git","status":"passed","title":"keeps the on-disk cache directory out of git","duration":0.49120000000004893,"failureMessages":[],"meta":{},"tags":[]}],"startTime":1788621219105,"endTime":1788621219201.4912,"status":"passed","message":"","name":"C:/Users/doddg/Documents/repos/foleyard-v2/src/lib/waveform-cache.test.ts"},{"assertionResults":[{"ancestorTitles":["tag mutation errors"],"fullName":"tag mutation errors returns 409 and logs a duplicate name","status":"passed","title":"returns 409 and logs a duplicate name","duration":30.231399999999894,"failureMessages":[],"meta":{},"tags":[]},{"ancestorTitles":["tag mutation errors"],"fullName":"tag mutation errors rejects non-string names","status":"passed","title":"rejects non-string names","duration":2.865000000000009,"failureMessages":[],"meta":{},"tags":[]},{"ancestorTitles":["tag mutation errors"],"fullName":"tag mutation errors rejects missing attachments with a readable 4xx","status":"passed","title":"rejects missing attachments with a readable 4xx","duration":3.05619999999999,"failureMessages":[],"meta":{},"tags":[]},{"ancestorTitles":["collection mutation errors"],"fullName":"collection mutation errors returns 409 and logs a duplicate name","status":"passed","title":"returns 409 and logs a duplicate name","duration":8.332499999999982,"failureMessages":[],"meta":{},"tags":[]},{"ancestorTitles":["collection mutation errors"],"fullName":"collection mutation errors rejects non-string names","status":"passed","title":"rejects non-string names","duration":3.0677999999998065,"failureMessages":[],"meta":{},"tags":[]},{"ancestorTitles":["collection mutation errors"],"fullName":"collection mutation errors rejects missing attachments with a readable 4xx","status":"passed","title":"rejects missing attachments with a readable 4xx","duration":2.6357000000000426,"failureMessages":[],"meta":{},"tags":[]}],"startTime":1788621220083,"endTime":1788621220133.6357,"status":"passed","message":"","name":"C:/Users/doddg/Documents/repos/foleyard-v2/src/app/api/mutations.test.ts"},{"assertionResults":[{"ancestorTitles":["describeFilesQuery"],"fullName":"describeFilesQuery routes the shelf view to the sound-shelf endpoint","status":"passed","title":"routes the shelf view to the sound-shelf endpoint","duration":3.3397999999999683,"failureMessages":[],"meta":{},"tags":[]},{"ancestorTitles":["describeFilesQuery"],"fullName":"describeFilesQuery loads no files for the extensions view","status":"passed","title":"loads no files for the extensions view","duration":0.3488999999999578,"failureMessages":[],"meta":{},"tags":[]},{"ancestorTitles":["describeFilesQuery"],"fullName":"describeFilesQuery loads no files for the all view without exactly one library root","status":"passed","title":"loads no files for the all view without exactly one library root","duration":0.43149999999997135,"failureMessages":[],"meta":{},"tags":[]},{"ancestorTitles":["describeFilesQuery"],"fullName":"describeFilesQuery scopes the all view to the single library root","status":"passed","title":"scopes the all view to the single library root","duration":0.5964000000000169,"failureMessages":[],"meta":{},"tags":[]},{"ancestorTitles":["describeFilesQuery"],"fullName":"describeFilesQuery keeps a stable pagination query separate from the fetch params","status":"passed","title":"keeps a stable pagination query separate from the fetch params","duration":0.4257000000000062,"failureMessages":[],"meta":{},"tags":[]},{"ancestorTitles":["describeFilesQuery"],"fullName":"describeFilesQuery searches across roots instead of scoping to a directory","status":"passed","title":"searches across roots instead of scoping to a directory","duration":0.3913000000000011,"failureMessages":[],"meta":{},"tags":[]},{"ancestorTitles":["describeFilesQuery"],"fullName":"describeFilesQuery passes sort through to the fetch params and the pagination query","status":"passed","title":"passes sort through to the fetch params and the pagination query","duration":0.342899999999986,"failureMessages":[],"meta":{},"tags":[]},{"ancestorTitles":["describeFilesQuery"],"fullName":"describeFilesQuery maps ascending filename sort to asc","status":"passed","title":"maps ascending filename sort to asc","duration":0.2515000000000214,"failureMessages":[],"meta":{},"tags":[]},{"ancestorTitles":["describeFilesQuery"],"fullName":"describeFilesQuery combines view, collection, tag, and favorite filters","status":"passed","title":"combines view, collection, tag, and favorite filters","duration":0.35849999999999227,"failureMessages":[],"meta":{},"tags":[]},{"ancestorTitles":["sortFileRecords"],"fullName":"sortFileRecords sorts by filename in either direction without mutating input","status":"passed","title":"sorts by filename in either direction without mutating input","duration":15.290599999999984,"failureMessages":[],"meta":{},"tags":[]},{"ancestorTitles":["sortFileRecords"],"fullName":"sortFileRecords sorts null durations last in both directions","status":"passed","title":"sorts null durations last in both directions","duration":0.42509999999998627,"failureMessages":[],"meta":{},"tags":[]},{"ancestorTitles":["optimistic reducers"],"fullName":"optimistic reducers toggles a favorite flag","status":"passed","title":"toggles a favorite flag","duration":0.2533000000000243,"failureMessages":[],"meta":{},"tags":[]},{"ancestorTitles":["optimistic reducers"],"fullName":"optimistic reducers attaches a known tag with its name and detaches it again","status":"passed","title":"attaches a known tag with its name and detaches it again","duration":0.5401999999999703,"failureMessages":[],"meta":{},"tags":[]},{"ancestorTitles":["optimistic reducers"],"fullName":"optimistic reducers attaches an unknown tag with a blank placeholder name","status":"passed","title":"attaches an unknown tag with a blank placeholder name","duration":0.20530000000002246,"failureMessages":[],"meta":{},"tags":[]},{"ancestorTitles":["optimistic reducers"],"fullName":"optimistic reducers supports rollback by restoring the previous snapshot","status":"passed","title":"supports rollback by restoring the previous snapshot","duration":1.2084999999999582,"failureMessages":[],"meta":{},"tags":[]}],"startTime":1788621220339,"endTime":1788621220364.2085,"status":"passed","message":"","name":"C:/Users/doddg/Documents/repos/foleyard-v2/src/app/library/file-query.test.ts"},{"assertionResults":[{"ancestorTitles":["mutation refetch map"],"fullName":"mutation refetch map refetches collections only for every collection mutation","status":"passed","title":"refetches collections only for every collection mutation","duration":3.5048000000000457,"failureMessages":[],"meta":{},"tags":[]},{"ancestorTitles":["mutation refetch map"],"fullName":"mutation refetch map refetches tags only for every tag mutation","status":"passed","title":"refetches tags only for every tag mutation","duration":0.4825999999999908,"failureMessages":[],"meta":{},"tags":[]},{"ancestorTitles":["mutation refetch map"],"fullName":"mutation refetch map never pulls the extension catalog for an organization mutation","status":"passed","title":"never pulls the extension catalog for an organization mutation","duration":2.2327000000000226,"failureMessages":[],"meta":{},"tags":[]},{"ancestorTitles":["mutation refetch map"],"fullName":"mutation refetch map settles a scan with files and collections only (no catalog re-register)","status":"passed","title":"settles a scan with files and collections only (no catalog re-register)","duration":0.3786999999999807,"failureMessages":[],"meta":{},"tags":[]}],"startTime":1788621221432,"endTime":1788621221438.3787,"status":"passed","message":"","name":"C:/Users/doddg/Documents/repos/foleyard-v2/src/app/library/refetch-map.test.ts"},{"assertionResults":[{"ancestorTitles":["extractSmartQuery"],"fullName":"extractSmartQuery returns the trimmed query from a smart-collection filter","status":"passed","title":"returns the trimmed query from a smart-collection filter","duration":2.557200000000023,"failureMessages":[],"meta":{},"tags":[]},{"ancestorTitles":["extractSmartQuery"],"fullName":"extractSmartQuery returns null for missing, empty, or invalid filters","status":"passed","title":"returns null for missing, empty, or invalid filters","duration":0.5255999999999972,"failureMessages":[],"meta":{},"tags":[]},{"ancestorTitles":["smart-collection count cache"],"fullName":"smart-collection count cache is keyed per query string, not per collection","status":"passed","title":"is keyed per query string, not per collection","duration":0.38749999999998863,"failureMessages":[],"meta":{},"tags":[]},{"ancestorTitles":["smart-collection count cache"],"fullName":"smart-collection count cache fetches once per query string across repeated opens","status":"passed","title":"fetches once per query string across repeated opens","duration":2.910599999999988,"failureMessages":[],"meta":{},"tags":[]},{"ancestorTitles":["smart-collection count cache"],"fullName":"smart-collection count cache returns null without fetching when there is no query","status":"passed","title":"returns null without fetching when there is no query","duration":0.47579999999999245,"failureMessages":[],"meta":{},"tags":[]},{"ancestorTitles":["smart-collection count cache"],"fullName":"smart-collection count cache returns null when the count endpoint fails","status":"passed","title":"returns null when the count endpoint fails","duration":0.3721999999999639,"failureMessages":[],"meta":{},"tags":[]}],"startTime":1788621221397,"endTime":1788621221404.4758,"status":"passed","message":"","name":"C:/Users/doddg/Documents/repos/foleyard-v2/src/app/library/smart-collection-counts.test.ts"},{"assertionResults":[{"ancestorTitles":["collections slice transitions"],"fullName":"collections slice transitions removes one collection optimistically","status":"passed","title":"removes one collection optimistically","duration":3.2379999999999427,"failureMessages":[],"meta":{},"tags":[]},{"ancestorTitles":["collections slice transitions"],"fullName":"collections slice transitions restores a deleted collection in name order without duplicates","status":"passed","title":"restores a deleted collection in name order without duplicates","duration":16.52019999999993,"failureMessages":[],"meta":{},"tags":[]},{"ancestorTitles":["collections slice transitions"],"fullName":"collections slice transitions drops only the deleted smart count","status":"passed","title":"drops only the deleted smart count","duration":0.5158999999999878,"failureMessages":[],"meta":{},"tags":[]},{"ancestorTitles":["tags slice transitions"],"fullName":"tags slice transitions removes and restores one tag without touching others","status":"passed","title":"removes and restores one tag without touching others","duration":0.8205000000000382,"failureMessages":[],"meta":{},"tags":[]},{"ancestorTitles":["tags slice transitions"],"fullName":"tags slice transitions renames and recolors one tag","status":"passed","title":"renames and recolors one tag","duration":0.6481999999999744,"failureMessages":[],"meta":{},"tags":[]},{"ancestorTitles":["favorites slice"],"fullName":"favorites slice consumes numeric totals and ignores anything else","status":"passed","title":"consumes numeric totals and ignores anything else","duration":0.5975000000000819,"failureMessages":[],"meta":{},"tags":[]},{"ancestorTitles":["shelf slice"],"fullName":"shelf slice derives file ids from shelf items","status":"passed","title":"derives file ids from shelf items","duration":0.48050000000000637,"failureMessages":[],"meta":{},"tags":[]},{"ancestorTitles":["bulk actions"],"fullName":"bulk actions resolves a choice only at the confirm stage with ids","status":"passed","title":"resolves a choice only at the confirm stage with ids","duration":0.5293000000000347,"failureMessages":[],"meta":{},"tags":[]}],"startTime":1788621220480,"endTime":1788621220504.5293,"status":"passed","message":"","name":"C:/Users/doddg/Documents/repos/foleyard-v2/src/app/library/use-domain-slices.test.ts"},{"assertionResults":[{"ancestorTitles":["batch optimistic updates with per-batch rollback"],"fullName":"batch optimistic updates with per-batch rollback applies one batch optimistically and confirms it by keeping state","status":"passed","title":"applies one batch optimistically and confirms it by keeping state","duration":2.9417000000000257,"failureMessages":[],"meta":{},"tags":[]},{"ancestorTitles":["batch optimistic updates with per-batch rollback"],"fullName":"batch optimistic updates with per-batch rollback rolls back only the failed batch without touching other files","status":"passed","title":"rolls back only the failed batch without touching other files","duration":0.8663999999999987,"failureMessages":[],"meta":{},"tags":[]},{"ancestorTitles":["batch optimistic updates with per-batch rollback"],"fullName":"batch optimistic updates with per-batch rollback preserves concurrent edits to the same file on rollback","status":"passed","title":"preserves concurrent edits to the same file on rollback","duration":0.396000000000015,"failureMessages":[],"meta":{},"tags":[]},{"ancestorTitles":["batch optimistic updates with per-batch rollback"],"fullName":"batch optimistic updates with per-batch rollback rolls back only the failed tag batch and keeps concurrent favourites","status":"passed","title":"rolls back only the failed tag batch and keeps concurrent favourites","duration":0.8797000000000139,"failureMessages":[],"meta":{},"tags":[]},{"ancestorTitles":["batch optimistic updates with per-batch rollback"],"fullName":"batch optimistic updates with per-batch rollback carries an explicit attach target instead of toggling","status":"passed","title":"carries an explicit attach target instead of toggling","duration":1.3453999999999837,"failureMessages":[],"meta":{},"tags":[]},{"ancestorTitles":["batch optimistic updates with per-batch rollback"],"fullName":"batch optimistic updates with per-batch rollback treats empty batches as no-ops","status":"passed","title":"treats empty batches as no-ops","duration":0.36489999999997735,"failureMessages":[],"meta":{},"tags":[]},{"ancestorTitles":["batch optimistic updates with per-batch rollback"],"fullName":"batch optimistic updates with per-batch rollback builds single-request batch bodies with explicit target state","status":"passed","title":"builds single-request batch bodies with explicit target state","duration":0.41109999999997626,"failureMessages":[],"meta":{},"tags":[]}],"startTime":1788621221335,"endTime":1788621221342.4111,"status":"passed","message":"","name":"C:/Users/doddg/Documents/repos/foleyard-v2/src/app/library/use-library-files-batch.test.ts"},{"assertionResults":[{"ancestorTitles":["library view routing"],"fullName":"library view routing navigates between top-level views and clears composition","status":"passed","title":"navigates between top-level views and clears composition","duration":4.108499999999992,"failureMessages":[],"meta":{},"tags":[]},{"ancestorTitles":["library view routing"],"fullName":"library view routing filters by tag without touching the view","status":"passed","title":"filters by tag without touching the view","duration":0.37700000000000955,"failureMessages":[],"meta":{},"tags":[]},{"ancestorTitles":["library view routing"],"fullName":"library view routing navigates directories and back to the library root","status":"passed","title":"navigates directories and back to the library root","duration":0.5222999999999729,"failureMessages":[],"meta":{},"tags":[]},{"ancestorTitles":["library view routing"],"fullName":"library view routing opens smart collections in the library view with their query","status":"passed","title":"opens smart collections in the library view with their query","duration":0.4270000000000209,"failureMessages":[],"meta":{},"tags":[]},{"ancestorTitles":["library view routing"],"fullName":"library view routing opens regular collections in the collection view","status":"passed","title":"opens regular collections in the collection view","duration":0.2696000000000254,"failureMessages":[],"meta":{},"tags":[]},{"ancestorTitles":["library view routing"],"fullName":"library view routing falls back to the collection view for invalid smart filters","status":"passed","title":"falls back to the collection view for invalid smart filters","duration":0.4859000000000151,"failureMessages":[],"meta":{},"tags":[]},{"ancestorTitles":["library view routing"],"fullName":"library view routing enters a view without touching filters or selection","status":"passed","title":"enters a view without touching filters or selection","duration":0.2773000000000252,"failureMessages":[],"meta":{},"tags":[]},{"ancestorTitles":["library view routing"],"fullName":"library view routing derives the rail view for every route","status":"passed","title":"derives the rail view for every route","duration":0.4963999999999942,"failureMessages":[],"meta":{},"tags":[]}],"startTime":1788621221436,"endTime":1788621221443.4963,"status":"passed","message":"","name":"C:/Users/doddg/Documents/repos/foleyard-v2/src/app/library/use-library-view.test.ts"},{"assertionResults":[{"ancestorTitles":["transport next title"],"fullName":"transport next title returns null for short queues","status":"passed","title":"returns null for short queues","duration":2.4470999999999776,"failureMessages":[],"meta":{},"tags":[]},{"ancestorTitles":["transport next title"],"fullName":"transport next title titles the queued next file without its extension","status":"passed","title":"titles the queued next file without its extension","duration":0.5142000000000735,"failureMessages":[],"meta":{},"tags":[]},{"ancestorTitles":["transport next title"],"fullName":"transport next title skips the selected file when the cursor points at it","status":"passed","title":"skips the selected file when the cursor points at it","duration":0.30579999999997654,"failureMessages":[],"meta":{},"tags":[]},{"ancestorTitles":["pack defaults"],"fullName":"pack defaults reads the make-pack default format and falls back to zip","status":"passed","title":"reads the make-pack default format and falls back to zip","duration":0.647199999999998,"failureMessages":[],"meta":{},"tags":[]},{"ancestorTitles":["scan settle toast"],"fullName":"scan settle toast prefers errors, then skipped items, then success","status":"passed","title":"prefers errors, then skipped items, then success","duration":2.496099999999956,"failureMessages":[],"meta":{},"tags":[]},{"ancestorTitles":["palette index and entry ids"],"fullName":"palette index and entry ids parses entry ids into kind and payload","status":"passed","title":"parses entry ids into kind and payload","duration":0.834699999999998,"failureMessages":[],"meta":{},"tags":[]},{"ancestorTitles":["palette index and entry ids"],"fullName":"palette index and entry ids clamps and steps the cursor with wraparound","status":"passed","title":"clamps and steps the cursor with wraparound","duration":0.4440999999999349,"failureMessages":[],"meta":{},"tags":[]}],"startTime":1788621221728,"endTime":1788621221736.444,"status":"passed","message":"","name":"C:/Users/doddg/Documents/repos/foleyard-v2/src/app/library/use-route-slices.test.ts"},{"assertionResults":[{"ancestorTitles":["selection transitions"],"fullName":"selection transitions prunes ids that left the visible list","status":"passed","title":"prunes ids that left the visible list","duration":3.0674999999999955,"failureMessages":[],"meta":{},"tags":[]},{"ancestorTitles":["selection transitions"],"fullName":"selection transitions extends a range from the anchor on shift","status":"passed","title":"extends a range from the anchor on shift","duration":1.1628000000000043,"failureMessages":[],"meta":{},"tags":[]},{"ancestorTitles":["selection transitions"],"fullName":"selection transitions toggles one id on ctrl without playing","status":"passed","title":"toggles one id on ctrl without playing","duration":0.45359999999999445,"failureMessages":[],"meta":{},"tags":[]},{"ancestorTitles":["selection transitions"],"fullName":"selection transitions toggles playback when the current file is clicked again","status":"passed","title":"toggles playback when the current file is clicked again","duration":0.26619999999996935,"failureMessages":[],"meta":{},"tags":[]},{"ancestorTitles":["selection transitions"],"fullName":"selection transitions plays a newly clicked file","status":"passed","title":"plays a newly clicked file","duration":0.2518000000000029,"failureMessages":[],"meta":{},"tags":[]},{"ancestorTitles":["selection transitions"],"fullName":"selection transitions moves keyboard focus with wraparound","status":"passed","title":"moves keyboard focus with wraparound","duration":0.5669000000000324,"failureMessages":[],"meta":{},"tags":[]}],"startTime":1788621221308,"endTime":1788621221313.567,"status":"passed","message":"","name":"C:/Users/doddg/Documents/repos/foleyard-v2/src/app/library/use-selection.test.ts"},{"assertionResults":[{"ancestorTitles":["transport queue transitions"],"fullName":"transport queue transitions seeds from visible order with the cursor on the played file","status":"passed","title":"seeds from visible order with the cursor on the played file","duration":3.1829999999999927,"failureMessages":[],"meta":{},"tags":[]},{"ancestorTitles":["transport queue transitions"],"fullName":"transport queue transitions seeds a lone queue when the played file is not in the visible list","status":"passed","title":"seeds a lone queue when the played file is not in the visible list","duration":0.35859999999996717,"failureMessages":[],"meta":{},"tags":[]},{"ancestorTitles":["transport queue transitions"],"fullName":"transport queue transitions appends explicit adds without duplicating queued ids","status":"passed","title":"appends explicit adds without duplicating queued ids","duration":0.45580000000001064,"failureMessages":[],"meta":{},"tags":[]},{"ancestorTitles":["transport queue transitions"],"fullName":"transport queue transitions advances with wrap-around and retreats with wrap-around","status":"passed","title":"advances with wrap-around and retreats with wrap-around","duration":0.35180000000002565,"failureMessages":[],"meta":{},"tags":[]},{"ancestorTitles":["transport queue transitions"],"fullName":"transport queue transitions advance and retreat on an empty queue stay empty","status":"passed","title":"advance and retreat on an empty queue stay empty","duration":0.3633000000000379,"failureMessages":[],"meta":{},"tags":[]},{"ancestorTitles":["transport queue transitions"],"fullName":"transport queue transitions removes an id and keeps the cursor on the same sound","status":"passed","title":"removes an id and keeps the cursor on the same sound","duration":0.3505999999999858,"failureMessages":[],"meta":{},"tags":[]},{"ancestorTitles":["transport queue transitions"],"fullName":"transport queue transitions removing the current sound moves to the next one","status":"passed","title":"removing the current sound moves to the next one","duration":0.2599999999999909,"failureMessages":[],"meta":{},"tags":[]},{"ancestorTitles":["transport queue transitions"],"fullName":"transport queue transitions removing the last sound empties the queue","status":"passed","title":"removing the last sound empties the queue","duration":0.22950000000003,"failureMessages":[],"meta":{},"tags":[]},{"ancestorTitles":["transport queue transitions"],"fullName":"transport queue transitions clear empties the queue","status":"passed","title":"clear empties the queue","duration":0.26729999999997744,"failureMessages":[],"meta":{},"tags":[]}],"startTime":1788621220979,"endTime":1788621220985.2673,"status":"passed","message":"","name":"C:/Users/doddg/Documents/repos/foleyard-v2/src/components/AudioPlayer/transport-queue.test.ts"},{"assertionResults":[{"ancestorTitles":["palette command builder"],"fullName":"palette command builder maps the view, transport, file, and tool sections on an empty query","status":"passed","title":"maps the view, transport, file, and tool sections on an empty query","duration":3.1976000000000226,"failureMessages":[],"meta":{},"tags":[]},{"ancestorTitles":["palette command builder"],"fullName":"palette command builder keeps sections ordered view, transport, file, tool, sound","status":"passed","title":"keeps sections ordered view, transport, file, tool, sound","duration":0.46690000000000964,"failureMessages":[],"meta":{},"tags":[]},{"ancestorTitles":["palette command builder"],"fullName":"palette command builder reflects playback, favorite, and autoplay state in labels","status":"passed","title":"reflects playback, favorite, and autoplay state in labels","duration":0.7023000000000366,"failureMessages":[],"meta":{},"tags":[]},{"ancestorTitles":["palette command builder"],"fullName":"palette command builder gates transport and file rows on availability","status":"passed","title":"gates transport and file rows on availability","duration":2.0171000000000276,"failureMessages":[],"meta":{},"tags":[]},{"ancestorTitles":["palette command builder"],"fullName":"palette command builder matches tool rows by extension name without drifting from the registry","status":"passed","title":"matches tool rows by extension name without drifting from the registry","duration":0.36299999999999955,"failureMessages":[],"meta":{},"tags":[]},{"ancestorTitles":["palette command builder"],"fullName":"palette command builder jumps to sounds by filename or tag and caps the list","status":"passed","title":"jumps to sounds by filename or tag and caps the list","duration":0.7961999999999989,"failureMessages":[],"meta":{},"tags":[]},{"ancestorTitles":["palette command builder"],"fullName":"palette command builder finds the Tools view through the legacy Extensions name","status":"passed","title":"finds the Tools view through the legacy Extensions name","duration":0.3029000000000224,"failureMessages":[],"meta":{},"tags":[]}],"startTime":1788621221275,"endTime":1788621221283.303,"status":"passed","message":"","name":"C:/Users/doddg/Documents/repos/foleyard-v2/src/components/CommandPalette/command-palette.test.ts"},{"assertionResults":[{"ancestorTitles":["useFileTableDesktopActions stability"],"fullName":"useFileTableDesktopActions stability returns referentially stable callbacks across renders with unchanged inputs","status":"passed","title":"returns referentially stable callbacks across renders with unchanged inputs","duration":3.748300000000029,"failureMessages":[],"meta":{},"tags":[]},{"ancestorTitles":["useFileTableDesktopActions stability"],"fullName":"useFileTableDesktopActions stability keeps unrelated callbacks stable when the selection identity changes","status":"passed","title":"keeps unrelated callbacks stable when the selection identity changes","duration":1.0581999999999994,"failureMessages":[],"meta":{},"tags":[]},{"ancestorTitles":["useFileTableDesktopActions stability"],"fullName":"useFileTableDesktopActions stability stays stable when the desktop bridge is present","status":"passed","title":"stays stable when the desktop bridge is present","duration":0.29750000000001364,"failureMessages":[],"meta":{},"tags":[]},{"ancestorTitles":["useFileTableDesktopActions stability"],"fullName":"useFileTableDesktopActions stability handles the web clipboard fallback without a desktop bridge","status":"passed","title":"handles the web clipboard fallback without a desktop bridge","duration":1.2843000000000302,"failureMessages":[],"meta":{},"tags":[]}],"startTime":1788621221589,"endTime":1788621221595.2842,"status":"passed","message":"","name":"C:/Users/doddg/Documents/repos/foleyard-v2/src/components/FileTable/desktop-actions.test.ts"},{"assertionResults":[{"ancestorTitles":["resolveSelectionScrollIndex"],"fullName":"resolveSelectionScrollIndex returns null when nothing is selected","status":"passed","title":"returns null when nothing is selected","duration":2.3297999999999774,"failureMessages":[],"meta":{},"tags":[]},{"ancestorTitles":["resolveSelectionScrollIndex"],"fullName":"resolveSelectionScrollIndex scrolls to the newly selected row on mount and on selection change","status":"passed","title":"scrolls to the newly selected row on mount and on selection change","duration":0.505800000000022,"failureMessages":[],"meta":{},"tags":[]},{"ancestorTitles":["resolveSelectionScrollIndex"],"fullName":"resolveSelectionScrollIndex leaves the viewport alone when the selection is unchanged","status":"passed","title":"leaves the viewport alone when the selection is unchanged","duration":0.25900000000001455,"failureMessages":[],"meta":{},"tags":[]},{"ancestorTitles":["resolveSelectionScrollIndex"],"fullName":"resolveSelectionScrollIndex returns null when the selected row is no longer visible","status":"passed","title":"returns null when the selected row is no longer visible","duration":0.2522000000000162,"failureMessages":[],"meta":{},"tags":[]}],"startTime":1788621221560,"endTime":1788621221563.5059,"status":"passed","message":"","name":"C:/Users/doddg/Documents/repos/foleyard-v2/src/components/FileTable/selection-scroll.test.ts"},{"assertionResults":[{"ancestorTitles":["selection helpers"],"fullName":"selection helpers toggles an id in and out preserving order","status":"passed","title":"toggles an id in and out preserving order","duration":3.036800000000028,"failureMessages":[],"meta":{},"tags":[]},{"ancestorTitles":["selection helpers"],"fullName":"selection helpers selects a forward and backward range from the anchor","status":"passed","title":"selects a forward and backward range from the anchor","duration":0.5579999999999927,"failureMessages":[],"meta":{},"tags":[]},{"ancestorTitles":["selection helpers"],"fullName":"selection helpers falls back to the target alone when the anchor is missing","status":"passed","title":"falls back to the target alone when the anchor is missing","duration":0.2968999999999937,"failureMessages":[],"meta":{},"tags":[]},{"ancestorTitles":["selection helpers"],"fullName":"selection helpers clears the selection","status":"passed","title":"clears the selection","duration":0.25420000000002574,"failureMessages":[],"meta":{},"tags":[]}],"startTime":1788621221797,"endTime":1788621221801.2542,"status":"passed","message":"","name":"C:/Users/doddg/Documents/repos/foleyard-v2/src/components/FileTable/selection.test.ts"},{"assertionResults":[{"ancestorTitles":["buildShelfToggleRequest"],"fullName":"buildShelfToggleRequest adds a file that is not on the shelf","status":"passed","title":"adds a file that is not on the shelf","duration":2.7811999999999557,"failureMessages":[],"meta":{},"tags":[]},{"ancestorTitles":["buildShelfToggleRequest"],"fullName":"buildShelfToggleRequest removes a file that is already on the shelf","status":"passed","title":"removes a file that is already on the shelf","duration":0.2925000000000182,"failureMessages":[],"meta":{},"tags":[]}],"startTime":1788621221765,"endTime":1788621221767.7812,"status":"passed","message":"","name":"C:/Users/doddg/Documents/repos/foleyard-v2/src/components/FileTable/use-shelf-toggle.test.ts"},{"assertionResults":[{"ancestorTitles":["resolveCollectionCount"],"fullName":"resolveCollectionCount prefers the lazily resolved smart count for Smart Collections","status":"passed","title":"prefers the lazily resolved smart count for Smart Collections","duration":1.3879999999999768,"failureMessages":[],"meta":{},"tags":[]},{"ancestorTitles":["resolveCollectionCount"],"fullName":"resolveCollectionCount falls back to the stored file count when no smart count resolved yet","status":"passed","title":"falls back to the stored file count when no smart count resolved yet","duration":0.1964999999999577,"failureMessages":[],"meta":{},"tags":[]},{"ancestorTitles":["resolveCollectionCount"],"fullName":"resolveCollectionCount ignores smart counts for plain Collections","status":"passed","title":"ignores smart counts for plain Collections","duration":0.18000000000000682,"failureMessages":[],"meta":{},"tags":[]}],"startTime":1788621222108,"endTime":1788621222109.388,"status":"passed","message":"","name":"C:/Users/doddg/Documents/repos/foleyard-v2/src/components/organize/collections-section.test.ts"},{"assertionResults":[{"ancestorTitles":["isComposerNameValid"],"fullName":"isComposerNameValid rejects empty and whitespace-only names","status":"passed","title":"rejects empty and whitespace-only names","duration":1.614400000000046,"failureMessages":[],"meta":{},"tags":[]},{"ancestorTitles":["isComposerNameValid"],"fullName":"isComposerNameValid accepts names with non-whitespace content","status":"passed","title":"accepts names with non-whitespace content","duration":0.1786999999999921,"failureMessages":[],"meta":{},"tags":[]}],"startTime":1788621221951,"endTime":1788621221952.6145,"status":"passed","message":"","name":"C:/Users/doddg/Documents/repos/foleyard-v2/src/components/organize/name-color-composer.test.ts"},{"assertionResults":[{"ancestorTitles":["tag delete confirmation"],"fullName":"tag delete confirmation arms per tag id so one tag never leaks into another","status":"passed","title":"arms per tag id so one tag never leaks into another","duration":2.187599999999975,"failureMessages":[],"meta":{},"tags":[]},{"ancestorTitles":["tag delete confirmation"],"fullName":"tag delete confirmation disarms on Escape but keeps editing open; a second Escape closes","status":"passed","title":"disarms on Escape but keeps editing open; a second Escape closes","duration":1.0253999999999905,"failureMessages":[],"meta":{},"tags":[]},{"ancestorTitles":["tag delete confirmation"],"fullName":"tag delete confirmation Escape on an unarmed tag closes editing without touching other tags","status":"passed","title":"Escape on an unarmed tag closes editing without touching other tags","duration":0.2670999999999708,"failureMessages":[],"meta":{},"tags":[]},{"ancestorTitles":["tag delete confirmation"],"fullName":"tag delete confirmation switching the edited tag clears the armed confirmation","status":"passed","title":"switching the edited tag clears the armed confirmation","duration":0.35559999999998126,"failureMessages":[],"meta":{},"tags":[]}],"startTime":1788621221728,"endTime":1788621221731.3557,"status":"passed","message":"","name":"C:/Users/doddg/Documents/repos/foleyard-v2/src/components/organize/tag-confirm.test.ts"},{"assertionResults":[{"ancestorTitles":["shortcut map"],"fullName":"shortcut map adopts the full prototype set with no conflicts","status":"passed","title":"adopts the full prototype set with no conflicts","duration":3.5669000000000324,"failureMessages":[],"meta":{},"tags":[]},{"ancestorTitles":["shortcut map"],"fullName":"shortcut map merges custom bindings over the defaults and reports new conflicts","status":"passed","title":"merges custom bindings over the defaults and reports new conflicts","duration":0.8596000000000004,"failureMessages":[],"meta":{},"tags":[]},{"ancestorTitles":["shortcut map"],"fullName":"shortcut map guards printable keys while typing","status":"passed","title":"guards printable keys while typing","duration":0.49689999999998236,"failureMessages":[],"meta":{},"tags":[]},{"ancestorTitles":["shortcut map"],"fullName":"shortcut map skips global Space on sliders, buttons, and inputs","status":"passed","title":"skips global Space on sliders, buttons, and inputs","duration":0.4988999999999919,"failureMessages":[],"meta":{},"tags":[]},{"ancestorTitles":["shortcut map"],"fullName":"shortcut map matches Space by code and printable keys case-insensitively","status":"passed","title":"matches Space by code and printable keys case-insensitively","duration":0.31869999999997844,"failureMessages":[],"meta":{},"tags":[]},{"ancestorTitles":["shortcut map"],"fullName":"shortcut map falls back to safe client defaults without stored prefs","status":"passed","title":"falls back to safe client defaults without stored prefs","duration":0.6213999999999942,"failureMessages":[],"meta":{},"tags":[]}],"startTime":1788621221492,"endTime":1788621221498.6213,"status":"passed","message":"","name":"C:/Users/doddg/Documents/repos/foleyard-v2/src/components/Shortcuts/shortcuts.test.ts"},{"assertionResults":[{"ancestorTitles":["registered Extension command set"],"fullName":"registered Extension command set covers every registered command through the host","status":"passed","title":"covers every registered command through the host","duration":73.51250000000005,"failureMessages":[],"meta":{},"tags":[]},{"ancestorTitles":["command input validation"],"fullName":"command input validation rejects invalid input per command with a 400-class outcome","status":"passed","title":"rejects invalid input per command with a 400-class outcome","duration":5.923600000000079,"failureMessages":[],"meta":{},"tags":[]}],"startTime":1788621219903,"endTime":1788621219982.9236,"status":"passed","message":"","name":"C:/Users/doddg/Documents/repos/foleyard-v2/src/lib/extensions/host-commands.test.ts"},{"assertionResults":[{"ancestorTitles":["listRegisteredExtensionGridItems"],"fullName":"listRegisteredExtensionGridItems exposes real command IDs alongside titles for dispatch","status":"passed","title":"exposes real command IDs alongside titles for dispatch","duration":3.2830000000000155,"failureMessages":[],"meta":{},"tags":[]},{"ancestorTitles":["listRegisteredExtensionGridItems"],"fullName":"listRegisteredExtensionGridItems registers every extension from the single extension array","status":"passed","title":"registers every extension from the single extension array","duration":0.44269999999994525,"failureMessages":[],"meta":{},"tags":[]}],"startTime":1788621222263,"endTime":1788621222266.4426,"status":"passed","message":"","name":"C:/Users/doddg/Documents/repos/foleyard-v2/src/lib/extensions/registry.test.ts"},{"assertionResults":[{"ancestorTitles":["buildDropRulesRenamePreview"],"fullName":"buildDropRulesRenamePreview renders the rename pattern with the sample sound","status":"passed","title":"renders the rename pattern with the sample sound","duration":1.8210000000000264,"failureMessages":[],"meta":{},"tags":[]},{"ancestorTitles":["buildDropRulesRenamePreview"],"fullName":"buildDropRulesRenamePreview rejects an empty pattern","status":"passed","title":"rejects an empty pattern","duration":0.24349999999998317,"failureMessages":[],"meta":{},"tags":[]},{"ancestorTitles":["getSettingPreview"],"fullName":"getSettingPreview resolves the Drop Rules rename-pattern preview hook","status":"passed","title":"resolves the Drop Rules rename-pattern preview hook","duration":0.21410000000003038,"failureMessages":[],"meta":{},"tags":[]},{"ancestorTitles":["getSettingPreview"],"fullName":"getSettingPreview returns null when no preview hook is registered","status":"passed","title":"returns null when no preview hook is registered","duration":0.19999999999998863,"failureMessages":[],"meta":{},"tags":[]}],"startTime":1788621221860,"endTime":1788621221862.214,"status":"passed","message":"","name":"C:/Users/doddg/Documents/repos/foleyard-v2/src/lib/extensions/setting-previews.test.ts"},{"assertionResults":[{"ancestorTitles":["interpretExtensionUiIntent"],"fullName":"interpretExtensionUiIntent opens Folder Janitor with the intent payload","status":"passed","title":"opens Folder Janitor with the intent payload","duration":5.30559999999997,"failureMessages":[],"meta":{},"tags":[]},{"ancestorTitles":["interpretExtensionUiIntent"],"fullName":"interpretExtensionUiIntent leaves unknown intents unhandled","status":"passed","title":"leaves unknown intents unhandled","duration":0.4100999999999999,"failureMessages":[],"meta":{},"tags":[]},{"ancestorTitles":["interpretExtensionUiIntent"],"fullName":"interpretExtensionUiIntent opens Library Gatherer","status":"passed","title":"opens Library Gatherer","duration":0.48200000000002774,"failureMessages":[],"meta":{},"tags":[]},{"ancestorTitles":["interpretExtensionUiIntent"],"fullName":"interpretExtensionUiIntent opens Make Pack with its source and selected IDs","status":"passed","title":"opens Make Pack with its source and selected IDs","duration":0.6388000000000034,"failureMessages":[],"meta":{},"tags":[]},{"ancestorTitles":["interpretExtensionUiIntent"],"fullName":"interpretExtensionUiIntent opens settings for Drop Rules","status":"passed","title":"opens settings for Drop Rules","duration":0.35590000000001965,"failureMessages":[],"meta":{},"tags":[]},{"ancestorTitles":["interpretExtensionUiIntent"],"fullName":"interpretExtensionUiIntent opens Folder Janitor for a library scan","status":"passed","title":"opens Folder Janitor for a library scan","duration":0.4556999999999789,"failureMessages":[],"meta":{},"tags":[]},{"ancestorTitles":["interpretExtensionUiIntent"],"fullName":"interpretExtensionUiIntent rejects a folder intent without a folder path","status":"passed","title":"rejects a folder intent without a folder path","duration":0.5038999999999874,"failureMessages":[],"meta":{},"tags":[]},{"ancestorTitles":["interpretExtensionUiIntent"],"fullName":"interpretExtensionUiIntent rejects a malformed Make Pack payload","status":"passed","title":"rejects a malformed Make Pack payload","duration":0.36230000000000473,"failureMessages":[],"meta":{},"tags":[]},{"ancestorTitles":["interpretExtensionUiIntent"],"fullName":"interpretExtensionUiIntent dispatches a registered handler by intent type","status":"passed","title":"dispatches a registered handler by intent type","duration":0.7718000000000416,"failureMessages":[],"meta":{},"tags":[]}],"startTime":1788621221023,"endTime":1788621221032.7717,"status":"passed","message":"","name":"C:/Users/doddg/Documents/repos/foleyard-v2/src/lib/extensions/ui-intent.test.ts"},{"assertionResults":[{"ancestorTitles":[],"fullName":"bounds active work and preserves input order","status":"passed","title":"bounds active work and preserves input order","duration":101.9020999999999,"failureMessages":[],"meta":{},"tags":[]}],"startTime":1788621219050,"endTime":1788621219151.902,"status":"passed","message":"","name":"C:/Users/doddg/Documents/repos/foleyard-v2/packages/yard-core/src/async/map-concurrent.test.ts"},{"assertionResults":[{"ancestorTitles":["YardExtensionHost"],"fullName":"YardExtensionHost executes a registered command with resolved Extension settings","status":"passed","title":"executes a registered command with resolved Extension settings","duration":4.891799999999989,"failureMessages":[],"meta":{},"tags":[]},{"ancestorTitles":["YardExtensionHost"],"fullName":"YardExtensionHost distinguishes a UI intent from a direct value","status":"passed","title":"distinguishes a UI intent from a direct value","duration":0.5867999999999824,"failureMessages":[],"meta":{},"tags":[]},{"ancestorTitles":["YardExtensionHost"],"fullName":"YardExtensionHost reports an unknown extension without checking enablement","status":"passed","title":"reports an unknown extension without checking enablement","duration":1.1102999999999952,"failureMessages":[],"meta":{},"tags":[]},{"ancestorTitles":["YardExtensionHost"],"fullName":"YardExtensionHost does not register commands for a disabled extension","status":"passed","title":"does not register commands for a disabled extension","duration":0.41849999999999454,"failureMessages":[],"meta":{},"tags":[]},{"ancestorTitles":["YardExtensionHost"],"fullName":"YardExtensionHost reports a command that the extension did not register","status":"passed","title":"reports a command that the extension did not register","duration":0.3627999999999929,"failureMessages":[],"meta":{},"tags":[]},{"ancestorTitles":["YardExtensionHost"],"fullName":"YardExtensionHost rejects a selection command when no files are selected","status":"passed","title":"rejects a selection command when no files are selected","duration":0.3464999999999918,"failureMessages":[],"meta":{},"tags":[]},{"ancestorTitles":["YardExtensionHost"],"fullName":"YardExtensionHost reports permission failures from command execution","status":"passed","title":"reports permission failures from command execution","duration":0.5287000000000148,"failureMessages":[],"meta":{},"tags":[]},{"ancestorTitles":["YardExtensionHost"],"fullName":"YardExtensionHost does not mistake an ordinary command error for a permission failure","status":"passed","title":"does not mistake an ordinary command error for a permission failure","duration":0.44540000000000646,"failureMessages":[],"meta":{},"tags":[]},{"ancestorTitles":["YardExtensionHost"],"fullName":"YardExtensionHost rejects invalid command input through the declared input schema","status":"passed","title":"rejects invalid command input through the declared input schema","duration":0.6403999999999996,"failureMessages":[],"meta":{},"tags":[]}],"startTime":1788621220874,"endTime":1788621220883.6404,"status":"passed","message":"","name":"C:/Users/doddg/Documents/repos/foleyard-v2/packages/yard-core/src/extensions/extension-host.test.ts"},{"assertionResults":[{"ancestorTitles":["Drop Rules commands"],"fullName":"Drop Rules commands uses the canonical command IDs","status":"passed","title":"uses the canonical command IDs","duration":3.446399999999983,"failureMessages":[],"meta":{},"tags":[]},{"ancestorTitles":["Drop Rules commands"],"fullName":"Drop Rules commands previews a drop through the host","status":"passed","title":"previews a drop through the host","duration":7.670099999999991,"failureMessages":[],"meta":{},"tags":[]},{"ancestorTitles":["Drop Rules commands"],"fullName":"Drop Rules commands returns a settings intent for the Extension card","status":"passed","title":"returns a settings intent for the Extension card","duration":0.731899999999996,"failureMessages":[],"meta":{},"tags":[]},{"ancestorTitles":["Drop Rules commands"],"fullName":"Drop Rules commands applies a drop through the host","status":"passed","title":"applies a drop through the host","duration":17.4298,"failureMessages":[],"meta":{},"tags":[]},{"ancestorTitles":["Drop Rules commands"],"fullName":"Drop Rules commands reports an unregistered command lookup","status":"passed","title":"reports an unregistered command lookup","duration":1.02800000000002,"failureMessages":[],"meta":{},"tags":[]},{"ancestorTitles":["Drop Rules commands"],"fullName":"Drop Rules commands returns typed validation when drop input is incomplete","status":"passed","title":"returns typed validation when drop input is incomplete","duration":0.7511000000000081,"failureMessages":[],"meta":{},"tags":[]},{"ancestorTitles":["Drop Rules commands"],"fullName":"Drop Rules commands rejects preview without a selection","status":"passed","title":"rejects preview without a selection","duration":2.2864999999999895,"failureMessages":[],"meta":{},"tags":[]},{"ancestorTitles":["Drop Rules commands"],"fullName":"Drop Rules commands rejects commands when the extension is disabled","status":"passed","title":"rejects commands when the extension is disabled","duration":0.34319999999996753,"failureMessages":[],"meta":{},"tags":[]},{"ancestorTitles":["Drop Rules commands"],"fullName":"Drop Rules commands reports permission failures through the host","status":"passed","title":"reports permission failures through the host","duration":2.473700000000008,"failureMessages":[],"meta":{},"tags":[]}],"startTime":1788621220014,"endTime":1788621220050.4736,"status":"passed","message":"","name":"C:/Users/doddg/Documents/repos/foleyard-v2/packages/yard-tools/drop-rules/src/commands.test.ts"},{"assertionResults":[{"ancestorTitles":["DropRulesService"],"fullName":"DropRulesService previews renamed drop actions without copying","status":"passed","title":"previews renamed drop actions without copying","duration":7.641200000000026,"failureMessages":[],"meta":{},"tags":[]},{"ancestorTitles":["DropRulesService"],"fullName":"DropRulesService applies drop rules by copying and writing a used report","status":"passed","title":"applies drop rules by copying and writing a used report","duration":11.448500000000024,"failureMessages":[],"meta":{},"tags":[]},{"ancestorTitles":["DropRulesService"],"fullName":"DropRulesService prepares a renamed drag-out copy and records it as used","status":"passed","title":"prepares a renamed drag-out copy and records it as used","duration":7.849100000000021,"failureMessages":[],"meta":{},"tags":[]},{"ancestorTitles":["DropRulesService"],"fullName":"DropRulesService drags the original file unchanged when copy, rename, and mark used are off","status":"passed","title":"drags the original file unchanged when copy, rename, and mark used are off","duration":2.6912999999999556,"failureMessages":[],"meta":{},"tags":[]},{"ancestorTitles":["DropRulesService"],"fullName":"DropRulesService stages a renamed file even when copy on drop is off","status":"passed","title":"stages a renamed file even when copy on drop is off","duration":6.535400000000038,"failureMessages":[],"meta":{},"tags":[]}],"startTime":1788621219757,"endTime":1788621219793.5354,"status":"passed","message":"","name":"C:/Users/doddg/Documents/repos/foleyard-v2/packages/yard-tools/drop-rules/src/service.test.ts"},{"assertionResults":[{"ancestorTitles":[],"fullName":"evicts only expired owned stages, preserving recent stages and user files","status":"passed","title":"evicts only expired owned stages, preserving recent stages and user files","duration":18.796600000000012,"failureMessages":[],"meta":{},"tags":[]}],"startTime":1788621219086,"endTime":1788621219104.7966,"status":"passed","message":"","name":"C:/Users/doddg/Documents/repos/foleyard-v2/packages/yard-tools/drop-rules/src/staging.test.ts"},{"assertionResults":[{"ancestorTitles":["Folder Janitor commands"],"fullName":"Folder Janitor commands returns a typed intent for a library scan opened from the UI","status":"passed","title":"returns a typed intent for a library scan opened from the UI","duration":5.564399999999978,"failureMessages":[],"meta":{},"tags":[]},{"ancestorTitles":["Folder Janitor commands"],"fullName":"Folder Janitor commands returns a direct report when scan input is supplied","status":"passed","title":"returns a direct report when scan input is supplied","duration":1.5269000000000688,"failureMessages":[],"meta":{},"tags":[]},{"ancestorTitles":["Folder Janitor commands"],"fullName":"Folder Janitor commands requires a folder path for the folder intent","status":"passed","title":"requires a folder path for the folder intent","duration":0.5795000000000528,"failureMessages":[],"meta":{},"tags":[]},{"ancestorTitles":["Folder Janitor commands"],"fullName":"Folder Janitor commands returns a typed folder intent when a folder path is selected","status":"passed","title":"returns a typed folder intent when a folder path is selected","duration":0.5708000000000766,"failureMessages":[],"meta":{},"tags":[]},{"ancestorTitles":["Folder Janitor commands"],"fullName":"Folder Janitor commands returns a direct report when folder scan input is supplied","status":"passed","title":"returns a direct report when folder scan input is supplied","duration":0.5313999999999623,"failureMessages":[],"meta":{},"tags":[]},{"ancestorTitles":["Folder Janitor commands"],"fullName":"Folder Janitor commands removes selected files through the host","status":"passed","title":"removes selected files through the host","duration":2.1128000000001066,"failureMessages":[],"meta":{},"tags":[]},{"ancestorTitles":["Folder Janitor commands"],"fullName":"Folder Janitor commands rejects remove-files without a selection","status":"passed","title":"rejects remove-files without a selection","duration":0.43280000000004293,"failureMessages":[],"meta":{},"tags":[]},{"ancestorTitles":["Folder Janitor commands"],"fullName":"Folder Janitor commands requires folder paths for delete-folders","status":"passed","title":"requires folder paths for delete-folders","duration":0.5375999999999976,"failureMessages":[],"meta":{},"tags":[]},{"ancestorTitles":["Folder Janitor commands"],"fullName":"Folder Janitor commands reports an unregistered command lookup","status":"passed","title":"reports an unregistered command lookup","duration":0.3908000000000129,"failureMessages":[],"meta":{},"tags":[]},{"ancestorTitles":["Folder Janitor commands"],"fullName":"Folder Janitor commands rejects commands when the extension is disabled","status":"passed","title":"rejects commands when the extension is disabled","duration":0.41440000000000055,"failureMessages":[],"meta":{},"tags":[]},{"ancestorTitles":["Folder Janitor commands"],"fullName":"Folder Janitor commands reports permission failures through the host","status":"passed","title":"reports permission failures through the host","duration":0.453899999999976,"failureMessages":[],"meta":{},"tags":[]}],"startTime":1788621220949,"endTime":1788621220961.4539,"status":"passed","message":"","name":"C:/Users/doddg/Documents/repos/foleyard-v2/packages/yard-tools/folder-janitor/src/commands.test.ts"},{"assertionResults":[{"ancestorTitles":["FolderJanitorService"],"fullName":"FolderJanitorService reports duplicates, tiny files, weird formats, and empty folders","status":"passed","title":"reports duplicates, tiny files, weird formats, and empty folders","duration":13.666500000000042,"failureMessages":[],"meta":{},"tags":[]},{"ancestorTitles":["FolderJanitorService"],"fullName":"FolderJanitorService deletes an empty folder below a configured Library root","status":"passed","title":"deletes an empty folder below a configured Library root","duration":6.102999999999952,"failureMessages":[],"meta":{},"tags":[]},{"ancestorTitles":["FolderJanitorService"],"fullName":"FolderJanitorService rejects folders outside configured Library roots","status":"passed","title":"rejects folders outside configured Library roots","duration":5.188600000000065,"failureMessages":[],"meta":{},"tags":[]},{"ancestorTitles":["FolderJanitorService"],"fullName":"FolderJanitorService rejects folders that escape a root through a directory link","status":"passed","title":"rejects folders that escape a root through a directory link","duration":4.415900000000079,"failureMessages":[],"meta":{},"tags":[]},{"ancestorTitles":["FolderJanitorService"],"fullName":"FolderJanitorService rechecks that a folder is empty before deletion","status":"passed","title":"rechecks that a folder is empty before deletion","duration":5.040399999999977,"failureMessages":[],"meta":{},"tags":[]}],"startTime":1788621219406,"endTime":1788621219441.0403,"status":"passed","message":"","name":"C:/Users/doddg/Documents/repos/foleyard-v2/packages/yard-tools/folder-janitor/src/service.test.ts"},{"assertionResults":[{"ancestorTitles":["Make Pack commands"],"fullName":"Make Pack commands opens the make-pack.from-selection flow","status":"passed","title":"opens the make-pack.from-selection flow","duration":5.741600000000062,"failureMessages":[],"meta":{},"tags":[]},{"ancestorTitles":["Make Pack commands"],"fullName":"Make Pack commands opens the make-pack.from-shelf flow","status":"passed","title":"opens the make-pack.from-shelf flow","duration":0.8061999999999898,"failureMessages":[],"meta":{},"tags":[]},{"ancestorTitles":["Make Pack commands"],"fullName":"Make Pack commands opens the make-pack.from-recent flow","status":"passed","title":"opens the make-pack.from-recent flow","duration":0.5325000000000273,"failureMessages":[],"meta":{},"tags":[]},{"ancestorTitles":["Make Pack commands"],"fullName":"Make Pack commands rejects a selection pack without selected files","status":"passed","title":"rejects a selection pack without selected files","duration":0.4920000000000755,"failureMessages":[],"meta":{},"tags":[]},{"ancestorTitles":["Make Pack commands"],"fullName":"Make Pack commands creates a pack through the host for make-pack.from-selection","status":"passed","title":"creates a pack through the host for make-pack.from-selection","duration":20.732799999999997,"failureMessages":[],"meta":{},"tags":[]},{"ancestorTitles":["Make Pack commands"],"fullName":"Make Pack commands creates a pack through the host for make-pack.from-shelf","status":"passed","title":"creates a pack through the host for make-pack.from-shelf","duration":8.367799999999988,"failureMessages":[],"meta":{},"tags":[]},{"ancestorTitles":["Make Pack commands"],"fullName":"Make Pack commands creates a pack through the host for make-pack.from-recent","status":"passed","title":"creates a pack through the host for make-pack.from-recent","duration":12.078200000000038,"failureMessages":[],"meta":{},"tags":[]},{"ancestorTitles":["Make Pack commands"],"fullName":"Make Pack commands rejects a shelf pack with no sounds","status":"passed","title":"rejects a shelf pack with no sounds","duration":2.673400000000015,"failureMessages":[],"meta":{},"tags":[]},{"ancestorTitles":["Make Pack commands"],"fullName":"Make Pack commands requires a destination directory","status":"passed","title":"requires a destination directory","duration":3.6119999999999663,"failureMessages":[],"meta":{},"tags":[]},{"ancestorTitles":["Make Pack commands"],"fullName":"Make Pack commands reports an unregistered command lookup","status":"passed","title":"reports an unregistered command lookup","duration":1.4021000000000186,"failureMessages":[],"meta":{},"tags":[]},{"ancestorTitles":["Make Pack commands"],"fullName":"Make Pack commands rejects commands when the extension is disabled","status":"passed","title":"rejects commands when the extension is disabled","duration":0.3546999999999798,"failureMessages":[],"meta":{},"tags":[]},{"ancestorTitles":["Make Pack commands"],"fullName":"Make Pack commands reports permission failures through the host","status":"passed","title":"reports permission failures through the host","duration":2.6725000000000136,"failureMessages":[],"meta":{},"tags":[]},{"ancestorTitles":["Make Pack commands"],"fullName":"Make Pack commands falls back to the host-resolved default format","status":"passed","title":"falls back to the host-resolved default format","duration":17.699999999999932,"failureMessages":[],"meta":{},"tags":[]},{"ancestorTitles":["Make Pack commands"],"fullName":"Make Pack commands uses the folder default format without an override","status":"passed","title":"uses the folder default format without an override","duration":11.363500000000045,"failureMessages":[],"meta":{},"tags":[]}],"startTime":1788621219517,"endTime":1788621219605.3635,"status":"passed","message":"","name":"C:/Users/doddg/Documents/repos/foleyard-v2/packages/yard-tools/make-pack/src/commands.test.ts"},{"assertionResults":[{"ancestorTitles":["MakePackService"],"fullName":"MakePackService creates a clean folder pack with a manifest","status":"passed","title":"creates a clean folder pack with a manifest","duration":14.170699999999954,"failureMessages":[],"meta":{},"tags":[]},{"ancestorTitles":["MakePackService"],"fullName":"MakePackService dedupes duplicate filenames","status":"passed","title":"dedupes duplicate filenames","duration":11.439900000000023,"failureMessages":[],"meta":{},"tags":[]},{"ancestorTitles":["MakePackService"],"fullName":"MakePackService creates a zip pack","status":"passed","title":"creates a zip pack","duration":20.679899999999975,"failureMessages":[],"meta":{},"tags":[]}],"startTime":1788621219609,"endTime":1788621219655.68,"status":"passed","message":"","name":"C:/Users/doddg/Documents/repos/foleyard-v2/packages/yard-tools/make-pack/src/service.test.ts"},{"assertionResults":[{"ancestorTitles":["Library Gatherer commands"],"fullName":"Library Gatherer commands opens the gather flow when invoked without transport input","status":"passed","title":"opens the gather flow when invoked without transport input","duration":6.105599999999981,"failureMessages":[],"meta":{},"tags":[]},{"ancestorTitles":["Library Gatherer commands"],"fullName":"Library Gatherer commands previews through the host","status":"passed","title":"previews through the host","duration":1.326599999999985,"failureMessages":[],"meta":{},"tags":[]},{"ancestorTitles":["Library Gatherer commands"],"fullName":"Library Gatherer commands returns typed validation when transport input is incomplete","status":"passed","title":"returns typed validation when transport input is incomplete","duration":0.49569999999999936,"failureMessages":[],"meta":{},"tags":[]},{"ancestorTitles":["Library Gatherer commands"],"fullName":"Library Gatherer commands gathers through the host","status":"passed","title":"gathers through the host","duration":7.055700000000002,"failureMessages":[],"meta":{},"tags":[]},{"ancestorTitles":["Library Gatherer commands"],"fullName":"Library Gatherer commands reports an unregistered command lookup","status":"passed","title":"reports an unregistered command lookup","duration":0.5751999999999953,"failureMessages":[],"meta":{},"tags":[]},{"ancestorTitles":["Library Gatherer commands"],"fullName":"Library Gatherer commands rejects commands when the extension is disabled","status":"passed","title":"rejects commands when the extension is disabled","duration":0.3509000000000242,"failureMessages":[],"meta":{},"tags":[]},{"ancestorTitles":["Library Gatherer commands"],"fullName":"Library Gatherer commands reports permission failures through the host","status":"passed","title":"reports permission failures through the host","duration":1.9898999999999774,"failureMessages":[],"meta":{},"tags":[]}],"startTime":1788621220526,"endTime":1788621220543.99,"status":"passed","message":"","name":"C:/Users/doddg/Documents/repos/foleyard-v2/packages/yard-tools/library-gatherer/src/commands.test.ts"},{"assertionResults":[{"ancestorTitles":["LibraryGathererService"],"fullName":"LibraryGathererService previews audio files without copying","status":"passed","title":"previews audio files without copying","duration":12.302899999999966,"failureMessages":[],"meta":{},"tags":[]},{"ancestorTitles":["LibraryGathererService"],"fullName":"LibraryGathererService copies audio files and writes a gather report","status":"passed","title":"copies audio files and writes a gather report","duration":15.053600000000017,"failureMessages":[],"meta":{},"tags":[]}],"startTime":1788621220308,"endTime":1788621220336.0537,"status":"passed","message":"","name":"C:/Users/doddg/Documents/repos/foleyard-v2/packages/yard-tools/library-gatherer/src/service.test.ts"},{"assertionResults":[{"ancestorTitles":["Smart Collections commands"],"fullName":"Smart Collections commands saves search criteria through the supported Collection capability","status":"passed","title":"saves search criteria through the supported Collection capability","duration":6.529600000000016,"failureMessages":[],"meta":{},"tags":[]},{"ancestorTitles":["Smart Collections commands"],"fullName":"Smart Collections commands reports a missing Collection capability","status":"passed","title":"reports a missing Collection capability","
[...]
 the SQLite variable limit","duration":192.87800000000016,"failureMessages":[],"meta":{},"tags":[]},{"ancestorTitles":["SqliteAudioFileRepository"],"fullName":"SqliteAudioFileRepository browse repository returns distinct directories without duplicates","status":"passed","title":"browse repository returns distinct directories without duplicates","duration":5.877299999999877,"failureMessages":[],"meta":{},"tags":[]},{"ancestorTitles":["SqliteAudioFileRepository"],"fullName":"SqliteAudioFileRepository getFiles orders by duration server-side with stable paging","status":"passed","title":"getFiles orders by duration server-side with stable paging","duration":8.020200000000159,"failureMessages":[],"meta":{},"tags":[]},{"ancestorTitles":["SqliteAudioFileRepository"],"fullName":"SqliteAudioFileRepository getFiles orders by filename in either direction","status":"passed","title":"getFiles orders by filename in either direction","duration":6.921600000000126,"failureMessages":[],"meta":{},"tags":[]},{"ancestorTitles":["SqliteAudioFileRepository"],"fullName":"SqliteAudioFileRepository collection listings honor the server-side sort","status":"passed","title":"collection listings honor the server-side sort","duration":7.349100000000135,"failureMessages":[],"meta":{},"tags":[]},{"ancestorTitles":["SqliteAudioFileRepository"],"fullName":"SqliteAudioFileRepository collection-membership lookups are index-served","status":"passed","title":"collection-membership lookups are index-served","duration":2.8677999999999884,"failureMessages":[],"meta":{},"tags":[]}],"startTime":1788621220076,"endTime":1788621220425.868,"status":"passed","message":"","name":"C:/Users/doddg/Documents/repos/foleyard-v2/src/lib/database/__tests__/file-repository.test.ts"},{"assertionResults":[{"ancestorTitles":["SqliteSettingsRepository library roots"],"fullName":"SqliteSettingsRepository library roots writes the legacy and current Library-root keys together","status":"passed","title":"writes the legacy and current Library-root keys together","duration":36.156200000000126,"failureMessages":[],"meta":{},"tags":[]},{"ancestorTitles":["SqliteSettingsRepository library roots"],"fullName":"SqliteSettingsRepository library roots a failed write leaves legacy and current keys consistent","status":"passed","title":"a failed write leaves legacy and current keys consistent","duration":7.6702000000000226,"failureMessages":[],"meta":{},"tags":[]}],"startTime":1788621220690,"endTime":1788621220734.6702,"status":"passed","message":"","name":"C:/Users/doddg/Documents/repos/foleyard-v2/src/lib/database/__tests__/settings-repository.test.ts"},{"assertionResults":[{"ancestorTitles":[],"fullName":"shares committed writes between extension services and route repositories","status":"passed","title":"shares committed writes between extension services and route repositories","duration":27.836399999999912,"failureMessages":[],"meta":{},"tags":[]},{"ancestorTitles":[],"fullName":"round-trips all extension stores through their existing keys and JSON shapes","status":"passed","title":"round-trips all extension stores through their existing keys and JSON shapes","duration":3.5617999999999483,"failureMessages":[],"meta":{},"tags":[]}],"startTime":1788621221046,"endTime":1788621221077.5618,"status":"passed","message":"","name":"C:/Users/doddg/Documents/repos/foleyard-v2/src/lib/database/__tests__/shared-connection.test.ts"},{"assertionResults":[{"ancestorTitles":["tag and collection colors"],"fullName":"tag and collection colors migrates legacy tables with color columns","status":"passed","title":"migrates legacy tables with color columns","duration":19.5150000000001,"failureMessages":[],"meta":{},"tags":[]},{"ancestorTitles":["tag and collection colors"],"fullName":"tag and collection colors round-trips tag colors","status":"passed","title":"round-trips tag colors","duration":10.809500000000071,"failureMessages":[],"meta":{},"tags":[]},{"ancestorTitles":["tag and collection colors"],"fullName":"tag and collection colors round-trips collection colors through getAllCollections","status":"passed","title":"round-trips collection colors through getAllCollections","duration":3.94600000000014,"failureMessages":[],"meta":{},"tags":[]}],"startTime":1788621220538,"endTime":1788621220571.946,"status":"passed","message":"","name":"C:/Users/doddg/Documents/repos/foleyard-v2/src/lib/database/__tests__/tag-collection-color.test.ts"},{"assertionResults":[{"ancestorTitles":[],"fullName":"drains a backlog beyond 30 seconds while tasks continue completing","status":"passed","title":"drains a backlog beyond 30 seconds while tasks continue completing","duration":7.856200000000001,"failureMessages":[],"meta":{},"tags":[]},{"ancestorTitles":[],"fullName":"reports a stalled task without polling every millisecond","status":"passed","title":"reports a stalled task without polling every millisecond","duration":0.9940000000000282,"failureMessages":[],"meta":{},"tags":[]}],"startTime":1788621221173,"endTime":1788621221181.994,"status":"passed","message":"","name":"C:/Users/doddg/Documents/repos/foleyard-v2/src/lib/scanner/__tests__/metadata-queue.test.ts"},{"assertionResults":[{"ancestorTitles":["ScanRunner"],"fullName":"ScanRunner fake filesystem streams correct batches","status":"passed","title":"fake filesystem streams correct batches","duration":3.394700000000057,"failureMessages":[],"meta":{},"tags":[]},{"ancestorTitles":["ScanRunner"],"fullName":"ScanRunner startScan returns started=true and sets running","status":"passed","title":"startScan returns started=true and sets running","duration":24.6884,"failureMessages":[],"meta":{},"tags":[]},{"ancestorTitles":["ScanRunner"],"fullName":"ScanRunner scan with one file completes and upserts","status":"passed","title":"scan with one file completes and upserts","duration":13.876700000000028,"failureMessages":[],"meta":{},"tags":[]},{"ancestorTitles":["ScanRunner"],"fullName":"ScanRunner scan with multiple files upserts all","status":"passed","title":"scan with multiple files upserts all","duration":13.675499999999829,"failureMessages":[],"meta":{},"tags":[]},{"ancestorTitles":["ScanRunner"],"fullName":"ScanRunner startScan returns missing-root when no roots","status":"passed","title":"startScan returns missing-root when no roots","duration":2.3390999999999167,"failureMessages":[],"meta":{},"tags":[]},{"ancestorTitles":["ScanRunner"],"fullName":"ScanRunner startScan returns already-running on second call","status":"passed","title":"startScan returns already-running on second call","duration":4.338400000000092,"failureMessages":[],"meta":{},"tags":[]},{"ancestorTitles":["ScanRunner"],"fullName":"ScanRunner progress callback fires with phase changes","status":"passed","title":"progress callback fires with phase changes","duration":24.055499999999938,"failureMessages":[],"meta":{},"tags":[]},{"ancestorTitles":["ScanRunner"],"fullName":"ScanRunner skips unchanged files on second scan","status":"passed","title":"skips unchanged files on second scan","duration":23.013599999999997,"failureMessages":[],"meta":{},"tags":[]},{"ancestorTitles":["ScanRunner"],"fullName":"ScanRunner detects changed files by mtime","status":"passed","title":"detects changed files by mtime","duration":38.64279999999985,"failureMessages":[],"meta":{},"tags":[]},{"ancestorTitles":["ScanRunner"],"fullName":"ScanRunner marks removed files","status":"passed","title":"marks removed files","duration":30.88980000000015,"failureMessages":[],"meta":{},"tags":[]},{"ancestorTitles":["ScanRunner"],"fullName":"ScanRunner saveLibraryRoot delegates to settings","status":"passed","title":"saveLibraryRoot delegates to settings","duration":3.395300000000134,"failureMessages":[],"meta":{},"tags":[]},{"ancestorTitles":["ScanRunner"],"fullName":"ScanRunner validateLibraryRoot returns valid for existing dir","status":"passed","title":"validateLibraryRoot returns valid for existing dir","duration":1.7744000000000142,"failureMessages":[],"meta":{},"tags":[]},{"ancestorTitles":[],"fullName":"retries missing duration with a full parse on the next scan","status":"passed","title":"retries missing duration with a full parse on the next scan","duration":27.779899999999998,"failureMessages":[],"meta":{},"tags":[]},{"ancestorTitles":[],"fullName":"continues healthy roots and preserves files under an unreadable root","status":"passed","title":"continues healthy roots and preserves files under an unreadable root","duration":29.56770000000006,"failureMessages":[],"meta":{},"tags":[]},{"ancestorTitles":[],"fullName":"flushes buffered metadata when another task stalls","status":"passed","title":"flushes buffered metadata when another task stalls","duration":6.892599999999902,"failureMessages":[],"meta":{},"tags":[]}],"startTime":1788621220196,"endTime":1788621220445.8926,"status":"passed","message":"","name":"C:/Users/doddg/Documents/repos/foleyard-v2/src/lib/scanner/__tests__/scan-runner.test.ts"},{"assertionResults":[{"ancestorTitles":["GET /api/desktop/file"],"fullName":"GET /api/desktop/file resolves an indexed file inside the Library roots","status":"passed","title":"resolves an indexed file inside the Library roots","duration":18.174800000000005,"failureMessages":[],"meta":{},"tags":[]},{"ancestorTitles":["GET /api/desktop/file"],"fullName":"GET /api/desktop/file rejects an indexed file outside the Library roots","status":"passed","title":"rejects an indexed file outside the Library roots","duration":9.006700000000023,"failureMessages":[],"meta":{},"tags":[]},{"ancestorTitles":["GET /api/desktop/file"],"fullName":"GET /api/desktop/file reports a missing file on disk","status":"passed","title":"reports a missing file on disk","duration":7.510899999999992,"failureMessages":[],"meta":{},"tags":[]},{"ancestorTitles":["GET /api/desktop/file"],"fullName":"GET /api/desktop/file rejects unknown without touching the disk","status":"passed","title":"rejects unknown without touching the disk","duration":6.8378999999999905,"failureMessages":[],"meta":{},"tags":[]},{"ancestorTitles":["GET /api/desktop/file"],"fullName":"GET /api/desktop/file rejects removed without touching the disk","status":"passed","title":"rejects removed without touching the disk","duration":5.8115999999999985,"failureMessages":[],"meta":{},"tags":[]},{"ancestorTitles":["GET /api/desktop/file"],"fullName":"GET /api/desktop/file rejects undefined without touching the disk","status":"passed","title":"rejects undefined without touching the disk","duration":6.163099999999986,"failureMessages":[],"meta":{},"tags":[]}],"startTime":1788621219190,"endTime":1788621219243.163,"status":"passed","message":"","name":"C:/Users/doddg/Documents/repos/foleyard-v2/src/app/api/desktop/file/route.test.ts"},{"assertionResults":[{"ancestorTitles":["POST /api/desktop/path"],"fullName":"POST /api/desktop/path resolves a path inside the Library roots","status":"passed","title":"resolves a path inside the Library roots","duration":23.340799999999945,"failureMessages":[],"meta":{},"tags":[]},{"ancestorTitles":["POST /api/desktop/path"],"fullName":"POST /api/desktop/path resolves a granted path outside the Library roots","status":"passed","title":"resolves a granted path outside the Library roots","duration":8.888699999999972,"failureMessages":[],"meta":{},"tags":[]},{"ancestorTitles":["POST /api/desktop/path"],"fullName":"POST /api/desktop/path rejects a path outside the Library roots and grants","status":"passed","title":"rejects a path outside the Library roots and grants","duration":8.281400000000076,"failureMessages":[],"meta":{},"tags":[]},{"ancestorTitles":["POST /api/desktop/path"],"fullName":"POST /api/desktop/path rejects traversal escapes and missing paths","status":"passed","title":"rejects traversal escapes and missing paths","duration":10.063999999999965,"failureMessages":[],"meta":{},"tags":[]}],"startTime":1788621219658,"endTime":1788621219709.064,"status":"passed","message":"","name":"C:/Users/doddg/Documents/repos/foleyard-v2/src/app/api/desktop/path/route.test.ts"},{"assertionResults":[{"ancestorTitles":["desktop grants"],"fullName":"desktop grants rejects renderer requests without desktop authentication","status":"passed","title":"rejects renderer requests without desktop authentication","duration":13.748499999999922,"failureMessages":[],"meta":{},"tags":[]},{"ancestorTitles":["desktop grants"],"fullName":"desktop grants rejects incorrect desktop authentication","status":"passed","title":"rejects incorrect desktop authentication","duration":3.3490000000000464,"failureMessages":[],"meta":{},"tags":[]},{"ancestorTitles":["desktop grants"],"fullName":"desktop grants issues an opaque token for a chosen directory","status":"passed","title":"issues an opaque token for a chosen directory","duration":6.53959999999995,"failureMessages":[],"meta":{},"tags":[]}],"startTime":1788621220335,"endTime":1788621220358.5396,"status":"passed","message":"","name":"C:/Users/doddg/Documents/repos/foleyard-v2/src/app/api/desktop/grants/route.test.ts"},{"assertionResults":[{"ancestorTitles":["POST /api/extensions/execute"],"fullName":"POST /api/extensions/execute forwards caller-supplied command input to the host","status":"passed","title":"forwards caller-supplied command input to the host","duration":13.411100000000033,"failureMessages":[],"meta":{},"tags":[]},{"ancestorTitles":["POST /api/extensions/execute"],"fullName":"POST /api/extensions/execute maps command validation failures to a 400 outcome","status":"passed","title":"maps command validation failures to a 400 outcome","duration":1.6755000000000564,"failureMessages":[],"meta":{},"tags":[]},{"ancestorTitles":["POST /api/extensions/execute"],"fullName":"POST /api/extensions/execute requires extensionId and commandId","status":"passed","title":"requires extensionId and commandId","duration":1.139299999999821,"failureMessages":[],"meta":{},"tags":[]},{"ancestorTitles":["POST /api/extensions/execute"],"fullName":"POST /api/extensions/execute keeps input-free palette commands working","status":"passed","title":"keeps input-free palette commands working","duration":1.3465000000001055,"failureMessages":[],"meta":{},"tags":[]}],"startTime":1788621221660,"endTime":1788621221678.3464,"status":"passed","message":"","name":"C:/Users/doddg/Documents/repos/foleyard-v2/src/app/api/extensions/execute/route.test.ts"},{"assertionResults":[{"ancestorTitles":["POST /api/extensions/execute transport adapters"],"fullName":"POST /api/extensions/execute transport adapters resolves a folder scan to indexed files before executing","status":"passed","title":"resolves a folder scan to indexed files before executing","duration":16.74700000000007,"failureMessages":[],"meta":{},"tags":[]},{"ancestorTitles":["POST /api/extensions/execute transport adapters"],"fullName":"POST /api/extensions/execute transport adapters rejects a folder scan outside the configured Library roots","status":"passed","title":"rejects a folder scan outside the configured Library roots","duration":1.5276000000000067,"failureMessages":[],"meta":{},"tags":[]},{"ancestorTitles":["POST /api/extensions/execute transport adapters"],"fullName":"POST /api/extensions/execute transport adapters caps a folder scan listing so one huge directory cannot OOM the host","status":"passed","title":"caps a folder scan listing so one huge directory cannot OOM the host","duration":1.224399999999946,"failureMessages":[],"meta":{},"tags":[]},{"ancestorTitles":["POST /api/extensions/execute transport adapters"],"fullName":"POST /api/extensions/execute transport adapters returns 404 when a make-pack selection hydrates to no indexed files","status":"passed","title":"returns 404 when a make-pack selection hydrates to no indexed files","duration":1.1911000000000058,"failureMessages":[],"meta":{},"tags":[]},{"ancestorTitles":["POST /api/extensions/execute transport adapters"],"fullName":"POST /api/extensions/execute transport adapters rejects delete-folders paths outside the Library roots","status":"passed","title":"rejects delete-folders paths outside the Library roots","duration":1.304899999999975,"failureMessages":[],"meta":{},"tags":[]},{"ancestorTitles":["POST /api/extensions/execute transport adapters"],"fullName":"POST /api/extensions/execute transport adapters rejects delete-folders with non-string paths","status":"passed","title":"rejects delete-folders with non-string paths","duration":0.9577999999999065,"failureMessages":[],"meta":{},"tags":[]},{"ancestorTitles":["POST /api/extensions/execute transport adapters"],"fullName":"POST /api/extensions/execute transport adapters degrades a malformed shelf list to empty items instead of throwing","status":"passed","title":"degrades a malformed shelf list to empty items instead of throwing","duration":2.4424999999999955,"failureMessages":[],"meta":{},"tags":[]},{"ancestorTitles":["POST /api/extensions/execute transport adapters"],"fullName":"POST /api/extensions/execute transport adapters maps a save-search query to a smart-collection filter","status":"passed","title":"maps a save-search query to a smart-collection filter","duration":1.249400000000037,"failureMessages":[],"meta":{},"tags":[]},{"ancestorTitles":["POST /api/extensions/execute transport adapters"],"fullName":"POST /api/extensions/execute transport adapters rejects a save-search without a query before executing","status":"passed","title":"rejects a save-search without a query before executing","duration":0.7770000000000437,"failureMessages":[],"meta":{},"tags":[]},{"ancestorTitles":["POST /api/extensions/execute transport adapters"],"fullName":"POST /api/extensions/execute transport adapters adds the Library roots to delete-folders input","status":"passed","title":"adds the Library roots to delete-folders input","duration":0.9871999999999161,"failureMessages":[],"meta":{},"tags":[]},{"ancestorTitles":["POST /api/extensions/execute transport adapters"],"fullName":"POST /api/extensions/execute transport adapters prepares a drag-out file from a file id","status":"passed","title":"prepares a drag-out file from a file id","duration":1.0101999999999407,"failureMessages":[],"meta":{},"tags":[]},{"ancestorTitles":["POST /api/extensions/execute transport adapters"],"fullName":"POST /api/extensions/execute transport adapters returns 404 when the drag-out file is not indexed","status":"passed","title":"returns 404 when the drag-out file is not indexed","duration":0.6016999999999371,"failureMessages":[],"meta":{},"tags":[]},{"ancestorTitles":["POST /api/extensions/execute transport adapters"],"fullName":"POST /api/extensions/execute transport adapters hydrates make-pack file ids to readable files","status":"passed","title":"hydrates make-pack file ids to readable files","duration":0.8068999999999278,"failureMessages":[],"meta":{},"tags":[]},{"ancestorTitles":["POST /api/extensions/execute transport adapters"],"fullName":"POST /api/extensions/execute transport adapters resolves gather directories against the filesystem boundary","status":"passed","title":"resolves gather directories against the filesystem boundary","duration":0.7011999999999716,"failureMessages":[],"meta":{},"tags":[]},{"ancestorTitles":["POST /api/extensions/execute transport adapters"],"fullName":"POST /api/extensions/execute transport adapters rejects a gather destination outside the granted directory","status":"passed","title":"rejects a gather destination outside the granted directory","duration":0.5354999999999563,"failureMessages":[],"meta":{},"tags":[]},{"ancestorTitles":["POST /api/extensions/execute transport adapters"],"fullName":"POST /api/extensions/execute transport adapters enriches the sound-shelf list to library items","status":"passed","title":"enriches the sound-shelf list to library items","duration":0.8229999999999791,"failureMessages":[],"meta":{},"tags":[]}],"startTime":1788621220262,"endTime":1788621220294.823,"status":"passed","message":"","name":"C:/Users/doddg/Documents/repos/foleyard-v2/src/app/api/extensions/execute/transport.test.ts"}]}